<?xml version="1.0" encoding="UTF-8"?>
<testng-results skipped="0" failed="0" total="5" passed="5">
  <reporter-output>
  </reporter-output>
  <suite name="RaceResultsService" duration-ms="125" started-at="2014-12-03T12:02:04Z" finished-at="2014-12-03T12:02:04Z">
    <groups>
    </groups>
    <test name="TestNG tests" duration-ms="125" started-at="2014-12-03T12:02:04Z" finished-at="2014-12-03T12:02:04Z">
      <class name="rrs.RaceResultsServiceTest">
        <test-method status="PASS" signature="setUp()[pri:0, instance:rrs.RaceResultsServiceTest@5da3e311]" name="setUp" is-config="true" duration-ms="109" started-at="2014-12-03T13:02:04Z" finished-at="2014-12-03T13:02:04Z">
          <reporter-output>
          </reporter-output>
        </test-method> <!-- setUp -->
        <test-method status="PASS" signature="messageShouldBeSendToAllSubscribedClients()[pri:0, instance:rrs.RaceResultsServiceTest@5da3e311]" name="messageShouldBeSendToAllSubscribedClients" duration-ms="16" started-at="2014-12-03T13:02:04Z" finished-at="2014-12-03T13:02:04Z">
          <reporter-output>
          </reporter-output>
        </test-method> <!-- messageShouldBeSendToAllSubscribedClients -->
        <test-method status="PASS" signature="setUp()[pri:0, instance:rrs.RaceResultsServiceTest@5da3e311]" name="setUp" is-config="true" duration-ms="0" started-at="2014-12-03T13:02:04Z" finished-at="2014-12-03T13:02:04Z">
          <reporter-output>
          </reporter-output>
        </test-method> <!-- setUp -->
        <test-method status="PASS" signature="subscribedClientShouldReceiveMessage()[pri:0, instance:rrs.RaceResultsServiceTest@5da3e311]" name="subscribedClientShouldReceiveMessage" duration-ms="0" started-at="2014-12-03T13:02:04Z" finished-at="2014-12-03T13:02:04Z">
          <reporter-output>
          </reporter-output>
        </test-method> <!-- subscribedClientShouldReceiveMessage -->
        <test-method status="PASS" signature="setUp()[pri:0, instance:rrs.RaceResultsServiceTest@5da3e311]" name="setUp" is-config="true" duration-ms="0" started-at="2014-12-03T13:02:04Z" finished-at="2014-12-03T13:02:04Z">
          <reporter-output>
          </reporter-output>
        </test-method> <!-- setUp -->
        <test-method status="PASS" signature="shouldSendOnlyOneMessageToMultiSubscriber()[pri:0, instance:rrs.RaceResultsServiceTest@5da3e311]" name="shouldSendOnlyOneMessageToMultiSubscriber" duration-ms="0" started-at="2014-12-03T13:02:04Z" finished-at="2014-12-03T13:02:04Z">
          <reporter-output>
          </reporter-output>
        </test-method> <!-- shouldSendOnlyOneMessageToMultiSubscriber -->
        <test-method status="PASS" signature="unsubscribedClientShouldNotReceiveMessages()[pri:0, instance:rrs.RaceResultsServiceTest@5da3e311]" name="unsubscribedClientShouldNotReceiveMessages" duration-ms="0" started-at="2014-12-03T13:02:04Z" finished-at="2014-12-03T13:02:04Z">
          <reporter-output>
          </reporter-output>
        </test-method> <!-- unsubscribedClientShouldNotReceiveMessages -->
        <test-method status="PASS" signature="setUp()[pri:0, instance:rrs.RaceResultsServiceTest@5da3e311]" name="setUp" is-config="true" duration-ms="0" started-at="2014-12-03T13:02:04Z" finished-at="2014-12-03T13:02:04Z">
          <reporter-output>
          </reporter-output>
        </test-method> <!-- setUp -->
        <test-method status="PASS" signature="setUp()[pri:0, instance:rrs.RaceResultsServiceTest@5da3e311]" name="setUp" is-config="true" duration-ms="0" started-at="2014-12-03T13:02:04Z" finished-at="2014-12-03T13:02:04Z">
          <reporter-output>
          </reporter-output>
        </test-method> <!-- setUp -->
        <test-method status="PASS" signature="notSubscribedClientShouldNotReceiveMessage()[pri:0, instance:rrs.RaceResultsServiceTest@5da3e311]" name="notSubscribedClientShouldNotReceiveMessage" duration-ms="0" started-at="2014-12-03T13:02:04Z" finished-at="2014-12-03T13:02:04Z">
          <reporter-output>
          </reporter-output>
        </test-method> <!-- notSubscribedClientShouldNotReceiveMessage -->
      </class> <!-- rrs.RaceResultsServiceTest -->
    </test> <!-- TestNG tests -->
  </suite> <!-- RaceResultsService -->
</testng-results>
